INFO:root:22/04/2021 15:07:40: Did not post tweet
INFO:root:22/04/2021 15:07:40: Program Run Successfully
INFO:root:22/04/2021 15:08:50: Did not post tweet
INFO:root:22/04/2021 15:08:50: Program Run Successfully
INFO:root:22/04/2021 15:09:10: Posted Tweet : Today is: 22/04/2021, and MangaDex is still down :(
INFO:root:22/04/2021 15:09:10: Program Run Successfully
INFO:root:22/04/2021 15:09:37: Posted Tweet: The MangaDex website has updated!
INFO:root:22/04/2021 15:09:37: Program Run Successfully
INFO:root:22/04/2021 15:10:06: Did not post tweet
INFO:root:22/04/2021 15:10:06: Program Run Successfully
INFO:root:12/05/2021 20:37:15: Posted Tweet: Today is: 12/05/2021, and MangaDex is still down :(
INFO:root:12/05/2021 20:37:15: Program Run Successfully
INFO:root:06/06/2021 14:41:27: Did not post tweet
INFO:root:06/06/2021 14:41:27: Program Run Successfully
INFO:root:06/06/2021 14:42:38: Did not post tweet
INFO:root:06/06/2021 14:42:38: Program Run Successfully
INFO:root:06/06/2021 14:42:58: Posted Tweet: The MangaDex website has updated!
INFO:root:06/06/2021 14:42:58: Program Run Successfully
INFO:root:06/06/2021 14:51:20: Did not post tweet
INFO:root:06/06/2021 14:51:20: Program Run Successfully
INFO:root:06/06/2021 14:51:36: Did not post tweet
INFO:root:06/06/2021 14:51:36: Program Run Successfully
INFO:root:06/06/2021 14:53:04: Posted new tweet
INFO:root:06/06/2021 14:53:04: Program Run Successfully
INFO:root:06/06/2021 14:53:47: Posted new tweet
INFO:root:06/06/2021 14:53:47: Program Run Successfully
INFO:root:06/06/2021 14:54:56: Posted new tweet
INFO:root:06/06/2021 14:54:56: Program Run Successfully
INFO:root:06/06/2021 15:01:10: Posted new tweet
INFO:root:06/06/2021 15:01:10: Program Run Successfully
INFO:root:06/06/2021 15:04:43: Posted new tweet
INFO:root:06/06/2021 15:04:43: Program Run Successfully
INFO:root:06/06/2021 15:04:49: Posted new tweet
INFO:root:06/06/2021 15:04:49: Program Run Successfully
INFO:root:06/06/2021 15:10:15: Posted new tweet
INFO:root:06/06/2021 15:10:15: Program Run Successfully
